<?xml version="1.0" encoding="UTF-8"?>
<!-- Generated by org.testng.reporters.JUnitXMLReporter -->
<testsuite hostname="DESKTOP-URKGA8H" ignored="4" name="Default test" tests="1" failures="0" timestamp="01 May 2018 12:56:48 GMT" time="0.072" errors="0">
  <testcase name="@BeforeTest startReport" time="0.0" classname="testCases.InvoicePage">
    <failure type="org.testng.TestNGException" message="
Parameter &amp;apos;siteName&amp;apos; is required by BeforeTest on method startReport but has not been marked @Optional or defined
in C:\Users\Acer\AppData\Local\Temp\testng-eclipse-1088368656\testng-customsuite.xml">
      <![CDATA[org.testng.TestNGException: 
Parameter 'siteName' is required by BeforeTest on method startReport but has not been marked @Optional or defined
in C:\Users\Acer\AppData\Local\Temp\testng-eclipse-1088368656\testng-customsuite.xml
	at org.testng.internal.Parameters.createParameters(Parameters.java:199)
	at org.testng.internal.Parameters.createParameters(Parameters.java:443)
	at org.testng.internal.Parameters.createConfigurationParameters(Parameters.java:118)
	at org.testng.internal.Invoker.invokeConfigurations(Invoker.java:206)
	at org.testng.internal.Invoker.invokeConfigurations(Invoker.java:146)
	at org.testng.TestRunner.beforeRun(TestRunner.java:626)
	at org.testng.TestRunner.run(TestRunner.java:594)
	at org.testng.SuiteRunner.runTest(SuiteRunner.java:380)
	at org.testng.SuiteRunner.runSequentially(SuiteRunner.java:375)
	at org.testng.SuiteRunner.privateRun(SuiteRunner.java:340)
	at org.testng.SuiteRunner.run(SuiteRunner.java:289)
	at org.testng.SuiteRunnerWorker.runSuite(SuiteRunnerWorker.java:52)
	at org.testng.SuiteRunnerWorker.run(SuiteRunnerWorker.java:86)
	at org.testng.TestNG.runSuitesSequentially(TestNG.java:1301)
	at org.testng.TestNG.runSuitesLocally(TestNG.java:1226)
	at org.testng.TestNG.runSuites(TestNG.java:1144)
	at org.testng.TestNG.run(TestNG.java:1115)
	at org.testng.remote.AbstractRemoteTestNG.run(AbstractRemoteTestNG.java:114)
	at org.testng.remote.RemoteTestNG.initAndRun(RemoteTestNG.java:251)
	at org.testng.remote.RemoteTestNG.main(RemoteTestNG.java:77)
]]>
    </failure>
  </testcase> <!-- @BeforeTest startReport -->
  <testcase name="@BeforeClass setBrowser" time="0.0" classname="AutomationFramework.Generickeywords">
    <skipped/>
  </testcase> <!-- @BeforeClass setBrowser -->
  <testcase name="@AfterTest endReport" time="0.0" classname="testCases.InvoicePage">
    <skipped/>
  </testcase> <!-- @AfterTest endReport -->
  <testcase name="Tc_INV_04" time="0.001" classname="testCases.InvoicePage">
    <skipped/>
  </testcase> <!-- Tc_INV_04 -->
  <testcase name="Tc_INV_09_10" time="0.0" classname="testCases.InvoicePage">
    <ignored/>
  </testcase> <!-- Tc_INV_09_10 -->
  <testcase name="Tc_INV_03" time="0.0" classname="testCases.InvoicePage">
    <ignored/>
  </testcase> <!-- Tc_INV_03 -->
  <testcase name="Tc_INV_02" time="0.0" classname="testCases.InvoicePage">
    <ignored/>
  </testcase> <!-- Tc_INV_02 -->
  <testcase name="Tc_INV_01" time="0.0" classname="testCases.InvoicePage">
    <ignored/>
  </testcase> <!-- Tc_INV_01 -->
</testsuite> <!-- Default test -->
